<?xml version="1.0" encoding="UTF-8"?>
<testng-results ignored="0" total="0" passed="0" failed="0" skipped="0">
  <reporter-output>
  </reporter-output>
  <suite started-at="2021-05-23T12:20:20 ADT" name="runners.TestRunner" finished-at="2021-05-23T12:20:20 ADT" duration-ms="10">
    <groups>
    </groups>
    <test started-at="2021-05-23T12:20:20 ADT" name="Command line test" finished-at="2021-05-23T12:20:20 ADT" duration-ms="10">
    </test> <!-- Command line test -->
  </suite> <!-- runners.TestRunner -->
</testng-results>
